<?xml version="1.0" encoding="UTF-8"?>
<testng-results ignored="0" total="0" passed="0" failed="0" skipped="0">
  <reporter-output>
  </reporter-output>
  <suite started-at="2022-08-11T10:31:59 EDT" name="Surefire suite" finished-at="2022-08-11T10:32:03 EDT" duration-ms="3645">
    <groups>
      <group name="cucumber">
        <method signature="AbstractTestNGCucumberTests.runScenario(io.cucumber.testng.PickleWrapper, io.cucumber.testng.FeatureWrapper)[pri:0, instance:runners.ParallelRunner@15bfd87]" name="runScenario" class="io.cucumber.testng.AbstractTestNGCucumberTests"/>
      </group> <!-- cucumber -->
    </groups>
    <test started-at="2022-08-11T10:31:59 EDT" name="Surefire test" finished-at="2022-08-11T10:32:03 EDT" duration-ms="3645">
      <class name="runners.ParallelRunner">
        <test-method is-config="true" signature="setUpClass()[pri:0, instance:runners.ParallelRunner@15bfd87]" started-at="2022-08-11T10:31:59 EDT" name="setUpClass" finished-at="2022-08-11T10:32:00 EDT" duration-ms="1276" status="PASS">
          <reporter-output>
          </reporter-output>
        </test-method> <!-- setUpClass -->
        <test-method is-config="true" signature="tearDownClass()[pri:0, instance:runners.ParallelRunner@15bfd87]" started-at="2022-08-11T10:32:00 EDT" name="tearDownClass" finished-at="2022-08-11T10:32:03 EDT" duration-ms="2325" status="PASS">
          <reporter-output>
          </reporter-output>
        </test-method> <!-- tearDownClass -->
      </class> <!-- runners.ParallelRunner -->
    </test> <!-- Surefire test -->
  </suite> <!-- Surefire suite -->
</testng-results>
